<?xml version="1.0" encoding="UTF-8"?>
<robot generator="Robot 6.0.2 (Python 3.11.2 on win32)" generated="20230421 13:47:46.688" rpa="false" schemaversion="3">
<suite id="s1" name="EsquemaDeCenario" source="C:\Projetos\BrowserStack-Robot\features\EsquemaDeCenario.robot">
<test id="s1-t1" name="Scenario Outline 01 - Realizar soma de dois números" line="18">
<kw name="Template Scenario Outline 01 - Soma">
<arg>Samsung Galaxy S23 Ultra</arg>
<arg>5</arg>
<arg>5</arg>
<arg>10</arg>
<kw name="Dado que estou na pagina da calculadora no device ${DEVICE}" library="EsquemaDeCenarioSteps" sourcename="Dado que estou na pagina da calculadora no device ${d}">
<kw name="Set Test Variable" library="BuiltIn">
<arg>${DEVICE}</arg>
<arg>${d}</arg>
<doc>Makes a variable available everywhere within the scope of the current test.</doc>
<msg timestamp="20230421 13:47:47.113" level="INFO">${DEVICE} = Samsung Galaxy S23 Ultra</msg>
<status status="PASS" starttime="20230421 13:47:47.113" endtime="20230421 13:47:47.113"/>
</kw>
<kw name="inicia app" library="MobileManager">
<arg>${DEVICE}</arg>
<kw name="Open Application" library="AppiumLibrary">
<arg>app=${APP_ID}</arg>
<arg>remote_url=${REMOTE_URL}</arg>
<arg>deviceName=${DEVICE}</arg>
<arg>name=Teste Robot</arg>
<arg>build=browserstack-robot-framework</arg>
<arg>platformName=${ANDROID_PLATFORM_NAME}</arg>
<arg>autoGrantPermissions=${True}</arg>
<doc>Opens a new application to given Appium server.
Capabilities of appium server, Android and iOS,
Please check https://github.com/appium/appium/blob/master/docs/en/writing-running-appium/server-args.md
| *Option*            | *Man.* | *Description*     |
| remote_url          | Yes    | Appium server url |
| alias               | no     | alias             |
| strict_ssl          | No     | allows you to send commands to an invalid certificate host like a self-signed one. |</doc>
<kw name="Capture Page Screenshot" library="AppiumLibrary">
<doc>Takes a screenshot of the current page and embeds it into the log.</doc>
<msg timestamp="20230421 13:47:48.050" level="FAIL">No application is open</msg>
<status status="FAIL" starttime="20230421 13:47:48.046" endtime="20230421 13:47:48.065"/>
</kw>
<msg timestamp="20230421 13:47:48.065" level="WARN">Keyword 'Capture Page Screenshot' could not be run on failure: No application is open</msg>
<msg timestamp="20230421 13:47:48.065" level="FAIL">WebDriverException: Message: App Automate testing time has expired. Contact BrowserStack Support at https://www.browserstack.com/contact for extending your Free Trial.
</msg>
<status status="FAIL" starttime="20230421 13:47:47.113" endtime="20230421 13:47:48.065"/>
</kw>
<kw name="IMPLICIT WAIT" library="implicit-wait">
<arg>15</arg>
<status status="NOT RUN" starttime="20230421 13:47:48.065" endtime="20230421 13:47:48.065"/>
</kw>
<status status="FAIL" starttime="20230421 13:47:47.113" endtime="20230421 13:47:48.065"/>
</kw>
<kw name="Wait Until Element Is Visible" library="AppiumLibrary">
<arg>${btnMult}</arg>
<doc>Waits until element specified with `locator` is visible.</doc>
<status status="NOT RUN" starttime="20230421 13:47:48.065" endtime="20230421 13:47:48.065"/>
</kw>
<status status="FAIL" starttime="20230421 13:47:47.113" endtime="20230421 13:47:48.065"/>
</kw>
<kw name="Quando digito o numero ${NUMERO_1}" library="EsquemaDeCenarioSteps" sourcename="Quando digito o numero ${x}">
<status status="NOT RUN" starttime="20230421 13:47:48.065" endtime="20230421 13:47:48.065"/>
</kw>
<kw name="E somo com o numero ${NUMERO_2}" library="EsquemaDeCenarioSteps" sourcename="E somo com o numero ${y}">
<status status="NOT RUN" starttime="20230421 13:47:48.078" endtime="20230421 13:47:48.078"/>
</kw>
<kw name="Entao o resultado obtido da soma é ${RESULTADO}" library="EsquemaDeCenarioSteps" sourcename="Entao o resultado obtido da soma é ${z}">
<status status="NOT RUN" starttime="20230421 13:47:48.078" endtime="20230421 13:47:48.078"/>
</kw>
<status status="FAIL" starttime="20230421 13:47:47.113" endtime="20230421 13:47:48.078"/>
</kw>
<kw name="Template Scenario Outline 01 - Soma">
<arg>Google Pixel 6</arg>
<arg>6</arg>
<arg>6</arg>
<arg>12</arg>
<kw name="Dado que estou na pagina da calculadora no device ${DEVICE}" library="EsquemaDeCenarioSteps" sourcename="Dado que estou na pagina da calculadora no device ${d}">
<kw name="Set Test Variable" library="BuiltIn">
<arg>${DEVICE}</arg>
<arg>${d}</arg>
<doc>Makes a variable available everywhere within the scope of the current test.</doc>
<msg timestamp="20230421 13:47:48.081" level="INFO">${DEVICE} = Google Pixel 6</msg>
<status status="PASS" starttime="20230421 13:47:48.081" endtime="20230421 13:47:48.081"/>
</kw>
<kw name="inicia app" library="MobileManager">
<arg>${DEVICE}</arg>
<kw name="Open Application" library="AppiumLibrary">
<arg>app=${APP_ID}</arg>
<arg>remote_url=${REMOTE_URL}</arg>
<arg>deviceName=${DEVICE}</arg>
<arg>name=Teste Robot</arg>
<arg>build=browserstack-robot-framework</arg>
<arg>platformName=${ANDROID_PLATFORM_NAME}</arg>
<arg>autoGrantPermissions=${True}</arg>
<doc>Opens a new application to given Appium server.
Capabilities of appium server, Android and iOS,
Please check https://github.com/appium/appium/blob/master/docs/en/writing-running-appium/server-args.md
| *Option*            | *Man.* | *Description*     |
| remote_url          | Yes    | Appium server url |
| alias               | no     | alias             |
| strict_ssl          | No     | allows you to send commands to an invalid certificate host like a self-signed one. |</doc>
<kw name="Capture Page Screenshot" library="AppiumLibrary">
<doc>Takes a screenshot of the current page and embeds it into the log.</doc>
<msg timestamp="20230421 13:47:48.926" level="FAIL">No application is open</msg>
<status status="FAIL" starttime="20230421 13:47:48.924" endtime="20230421 13:47:48.926"/>
</kw>
<msg timestamp="20230421 13:47:48.926" level="WARN">Keyword 'Capture Page Screenshot' could not be run on failure: No application is open</msg>
<msg timestamp="20230421 13:47:48.926" level="FAIL">WebDriverException: Message: App Automate testing time has expired. Contact BrowserStack Support at https://www.browserstack.com/contact for extending your Free Trial.
</msg>
<status status="FAIL" starttime="20230421 13:47:48.081" endtime="20230421 13:47:48.933"/>
</kw>
<kw name="IMPLICIT WAIT" library="implicit-wait">
<arg>15</arg>
<status status="NOT RUN" starttime="20230421 13:47:48.934" endtime="20230421 13:47:48.934"/>
</kw>
<status status="FAIL" starttime="20230421 13:47:48.081" endtime="20230421 13:47:48.934"/>
</kw>
<kw name="Wait Until Element Is Visible" library="AppiumLibrary">
<arg>${btnMult}</arg>
<doc>Waits until element specified with `locator` is visible.</doc>
<status status="NOT RUN" starttime="20230421 13:47:48.934" endtime="20230421 13:47:48.934"/>
</kw>
<status status="FAIL" starttime="20230421 13:47:48.081" endtime="20230421 13:47:48.935"/>
</kw>
<kw name="Quando digito o numero ${NUMERO_1}" library="EsquemaDeCenarioSteps" sourcename="Quando digito o numero ${x}">
<status status="NOT RUN" starttime="20230421 13:47:48.935" endtime="20230421 13:47:48.935"/>
</kw>
<kw name="E somo com o numero ${NUMERO_2}" library="EsquemaDeCenarioSteps" sourcename="E somo com o numero ${y}">
<status status="NOT RUN" starttime="20230421 13:47:48.935" endtime="20230421 13:47:48.935"/>
</kw>
<kw name="Entao o resultado obtido da soma é ${RESULTADO}" library="EsquemaDeCenarioSteps" sourcename="Entao o resultado obtido da soma é ${z}">
<status status="NOT RUN" starttime="20230421 13:47:48.935" endtime="20230421 13:47:48.936"/>
</kw>
<status status="FAIL" starttime="20230421 13:47:48.078" endtime="20230421 13:47:48.936"/>
</kw>
<kw name="fecha app" library="MobileManager" type="TEARDOWN">
<kw name="Quit Application" library="AppiumLibrary">
<doc>*DEPRECATED!!* in selenium v4, check `Close Application` keyword.</doc>
<msg timestamp="20230421 13:47:48.936" level="WARN">Keyword 'AppiumLibrary.Quit Application' is deprecated. in selenium v4, check `Close Application` keyword.</msg>
<kw name="Capture Page Screenshot" library="AppiumLibrary">
<doc>Takes a screenshot of the current page and embeds it into the log.</doc>
<msg timestamp="20230421 13:47:48.936" level="FAIL">No application is open</msg>
<status status="FAIL" starttime="20230421 13:47:48.936" endtime="20230421 13:47:48.939"/>
</kw>
<msg timestamp="20230421 13:47:48.942" level="WARN">Keyword 'Capture Page Screenshot' could not be run on failure: No application is open</msg>
<msg timestamp="20230421 13:47:48.942" level="FAIL">No application is open</msg>
<status status="FAIL" starttime="20230421 13:47:48.936" endtime="20230421 13:47:48.943"/>
</kw>
<kw name="Close Application" library="AppiumLibrary">
<doc>Closes the current application and also close webdriver session.</doc>
<kw name="Capture Page Screenshot" library="AppiumLibrary">
<doc>Takes a screenshot of the current page and embeds it into the log.</doc>
<msg timestamp="20230421 13:47:48.943" level="FAIL">No application is open</msg>
<status status="FAIL" starttime="20230421 13:47:48.943" endtime="20230421 13:47:48.943"/>
</kw>
<msg timestamp="20230421 13:47:48.943" level="WARN">Keyword 'Capture Page Screenshot' could not be run on failure: No application is open</msg>
<msg timestamp="20230421 13:47:48.943" level="FAIL">No application is open</msg>
<status status="FAIL" starttime="20230421 13:47:48.943" endtime="20230421 13:47:48.943"/>
</kw>
<status status="FAIL" starttime="20230421 13:47:48.936" endtime="20230421 13:47:48.943">Several failures occurred:

1) No application is open

2) No application is open</status>
</kw>
<status status="FAIL" starttime="20230421 13:47:47.113" endtime="20230421 13:47:48.943">Several failures occurred:

1) WebDriverException: Message: App Automate testing time has expired. Contact BrowserStack Support at https://www.browserstack.com/contact for extending your Free Trial.


2) WebDriverException: Message: App Automate testing time has expired. Contact BrowserStack Support at https://www.browserstack.com/contact for extending your Free Trial.


Also teardown failed:
Several failures occurred:

1) No application is open

2) No application is open</status>
</test>
<status status="FAIL" starttime="20230421 13:47:46.695" endtime="20230421 13:47:48.949"/>
</suite>
<statistics>
<total>
<stat pass="0" fail="1" skip="0">All Tests</stat>
</total>
<tag>
</tag>
<suite>
<stat pass="0" fail="1" skip="0" id="s1" name="EsquemaDeCenario">EsquemaDeCenario</stat>
</suite>
</statistics>
<errors>
<msg timestamp="20230421 13:47:47.069" level="ERROR">Error in file 'C:\Projetos\BrowserStack-Robot\features\EsquemaDeCenario.robot' on line 7: Setting 'Test Teardown' is not allowed in resource file.</msg>
<msg timestamp="20230421 13:47:47.069" level="ERROR">Error in file 'C:\Projetos\BrowserStack-Robot\steps\EsquemaDeCenarioSteps.robot' on line 5: Error in file 'C:\Projetos\BrowserStack-Robot\features\EsquemaDeCenario.robot' on line 17: Resource file with 'Test Case' section is invalid.</msg>
<msg timestamp="20230421 13:47:48.065" level="WARN">Keyword 'Capture Page Screenshot' could not be run on failure: No application is open</msg>
<msg timestamp="20230421 13:47:48.926" level="WARN">Keyword 'Capture Page Screenshot' could not be run on failure: No application is open</msg>
<msg timestamp="20230421 13:47:48.936" level="WARN">Keyword 'AppiumLibrary.Quit Application' is deprecated. in selenium v4, check `Close Application` keyword.</msg>
<msg timestamp="20230421 13:47:48.942" level="WARN">Keyword 'Capture Page Screenshot' could not be run on failure: No application is open</msg>
<msg timestamp="20230421 13:47:48.943" level="WARN">Keyword 'Capture Page Screenshot' could not be run on failure: No application is open</msg>
</errors>
</robot>
